Using pre-set license
Built from '2020.3/staging' branch; Version is '2020.3.5f1 (8095aa901b9b) revision 8426922'; Using compiler version '192528614'; Build Type 'Release'
OS: 'Windows 10 Home; OS build 19044.2130; Version 2009; 64bit' Language: 'en' Physical Memory: 16328 MB
BatchMode: 1, IsHumanControllingUs: 0, StartBugReporterOnCrash: 0, Is64bit: 1, IsPro: 0

 COMMAND LINE ARGUMENTS:
C:\Program Files\Unity\Hub\Editor\2020.3.5f1\Editor\Unity.exe
-adb2
-batchMode
-noUpm
-name
AssetImportWorker0
-projectPath
C:/Users/fynnh/Desktop/Games/Personal/Project salvation
-logFile
Logs/AssetImportWorker0.log
-srvPort
64012
Successfully changed project path to: C:/Users/fynnh/Desktop/Games/Personal/Project salvation
C:/Users/fynnh/Desktop/Games/Personal/Project salvation
Using Asset Import Pipeline V2.
Refreshing native plugins compatible for Editor in 24.92 ms, found 0 plugins.
Preloading 0 native plugins for Editor in 0.00 ms.
Initialize engine version: 2020.3.5f1 (8095aa901b9b)
[Subsystems] Discovering subsystems at path C:/Program Files/Unity/Hub/Editor/2020.3.5f1/Editor/Data/Resources/UnitySubsystems
[Subsystems] Discovering subsystems at path C:/Users/fynnh/Desktop/Games/Personal/Project salvation/Assets
GfxDevice: creating device client; threaded=0
Direct3D:
    Version:  Direct3D 11.0 [level 11.1]
    Renderer: NVIDIA GeForce GTX 1650 (ID=0x1f82)
    Vendor:   
    VRAM:     3962 MB
    Driver:   31.0.15.1748
Initialize mono
Mono path[0] = 'C:/Program Files/Unity/Hub/Editor/2020.3.5f1/Editor/Data/Managed'
Mono path[1] = 'C:/Program Files/Unity/Hub/Editor/2020.3.5f1/Editor/Data/MonoBleedingEdge/lib/mono/unityjit'
Mono config path = 'C:/Program Files/Unity/Hub/Editor/2020.3.5f1/Editor/Data/MonoBleedingEdge/etc'
Using monoOptions --debugger-agent=transport=dt_socket,embedding=1,server=y,suspend=n,address=127.0.0.1:56232
Begin MonoManager ReloadAssembly
Registering precompiled unity dll's ...
Register platform support module: C:/Program Files/Unity/Hub/Editor/2020.3.5f1/Editor/Data/PlaybackEngines/MacStandaloneSupport/UnityEditor.OSXStandalone.Extensions.dll
Register platform support module: C:/Program Files/Unity/Hub/Editor/2020.3.5f1/Editor/Data/PlaybackEngines/WindowsStandaloneSupport/UnityEditor.WindowsStandalone.Extensions.dll
Register platform support module: C:/Program Files/Unity/Hub/Editor/2020.3.5f1/Editor/Data/PlaybackEngines/LinuxStandaloneSupport/UnityEditor.LinuxStandalone.Extensions.dll
Registered in 0.003147 seconds.
Native extension for LinuxStandalone target not found
Native extension for WindowsStandalone target not found
Native extension for OSXStandalone target not found
Refreshing native plugins compatible for Editor in 27.09 ms, found 0 plugins.
Preloading 0 native plugins for Editor in 0.00 ms.
Mono: successfully reloaded assembly
- Completed reload, in  1.161 seconds
Platform modules already initialized, skipping
Registering precompiled user dll's ...
Registered in 0.001029 seconds.
Begin MonoManager ReloadAssembly
Native extension for LinuxStandalone target not found
Native extension for WindowsStandalone target not found
Native extension for OSXStandalone target not found
Refreshing native plugins compatible for Editor in 0.28 ms, found 0 plugins.
Preloading 0 native plugins for Editor in 0.00 ms.
Mono: successfully reloaded assembly
- Completed reload, in  0.771 seconds
Platform modules already initialized, skipping
========================================================================
Worker process is ready to serve import requests
Launched and connected shader compiler UnityShaderCompiler.exe after 0.04 seconds
Refreshing native plugins compatible for Editor in 0.30 ms, found 0 plugins.
Preloading 0 native plugins for Editor in 0.00 ms.
Unloading 1475 Unused Serialized files (Serialized files now loaded: 0)
System memory in use before: 72.0 MB.
System memory in use after: 72.0 MB.

Unloading 11 unused Assets to reduce memory usage. Loaded Objects now: 1918.
Total: 1.963600 ms (FindLiveObjects: 0.309900 ms CreateObjectMapping: 0.048200 ms MarkObjects: 1.489400 ms  DeleteObjects: 0.114700 ms)

========================================================================
Received Import Request.
  path: Assets
  artifactKey: Guid(00000000000000001000000000000000) Importer(815301076,1909f56bfc062723c751e8b465ee728b)
Start importing Assets using Guid(00000000000000001000000000000000) Importer(815301076,1909f56bfc062723c751e8b465ee728b)  -> (artifact id: 'e4856052512617ee48189cf1d7999900') in 0.008091 seconds
  Import took 0.010480 seconds .

========================================================================
Received Import Request.
  Time since last request: 0.000249 seconds.
  path: Assets/Scenes
  artifactKey: Guid(86a17e557f830604487c17b467f5158d) Importer(815301076,1909f56bfc062723c751e8b465ee728b)
Start importing Assets/Scenes using Guid(86a17e557f830604487c17b467f5158d) Importer(815301076,1909f56bfc062723c751e8b465ee728b)  -> (artifact id: '5a49ed2b4b5b6b45fb1ed084854db4be') in 0.005395 seconds
  Import took 0.007251 seconds .

========================================================================
Received Import Request.
  Time since last request: 12.611836 seconds.
  path: Assets/Scenes/o@TestScene.unity
  artifactKey: Guid(2afefe373d90ede4fa406357738ce79f) Importer(815301076,1909f56bfc062723c751e8b465ee728b)
Start importing Assets/Scenes/o@TestScene.unity using Guid(2afefe373d90ede4fa406357738ce79f) Importer(815301076,1909f56bfc062723c751e8b465ee728b)  -> (artifact id: '1fae6ac2b82bac4f64727a4537a7c1b9') in 0.015281 seconds
  Import took 0.017757 seconds .

========================================================================
Received Import Request.
  Time since last request: 0.030198 seconds.
  path: Assets/Scenes/o@TestScene.unity
  artifactKey: Guid(2afefe373d90ede4fa406357738ce79f) Importer(815301076,1909f56bfc062723c751e8b465ee728b)
Start importing Assets/Scenes/o@TestScene.unity using Guid(2afefe373d90ede4fa406357738ce79f) Importer(815301076,1909f56bfc062723c751e8b465ee728b)  -> (artifact id: '1fae6ac2b82bac4f64727a4537a7c1b9') in 0.002956 seconds
  Import took 0.005223 seconds .

========================================================================
Received Import Request.
  Time since last request: 9.657984 seconds.
  path: Assets/Scenes/o2TestScene.unity
  artifactKey: Guid(2afefe373d90ede4fa406357738ce79f) Importer(815301076,1909f56bfc062723c751e8b465ee728b)
Start importing Assets/Scenes/o2TestScene.unity using Guid(2afefe373d90ede4fa406357738ce79f) Importer(815301076,1909f56bfc062723c751e8b465ee728b)  -> (artifact id: 'fd23fc275a9692f4b72190cad3931fcf') in 0.005754 seconds
  Import took 0.008171 seconds .

========================================================================
Received Import Request.
  Time since last request: 14.244000 seconds.
  path: Assets/Scenes/FynnTestScene.unity
  artifactKey: Guid(a2f61a2b9837d9e4bafea475af79d7f2) Importer(815301076,1909f56bfc062723c751e8b465ee728b)
Start importing Assets/Scenes/FynnTestScene.unity using Guid(a2f61a2b9837d9e4bafea475af79d7f2) Importer(815301076,1909f56bfc062723c751e8b465ee728b)  -> (artifact id: 'a711419846bbe5c33774785385ed4e77') in 0.006198 seconds
  Import took 0.008613 seconds .

AssetImportWorkerClient::OnTransportError - code=2 error=End of file
